<?xml version="1.0" encoding="UTF-8"?>
<testsuite name="CoinCombinationsIntegrationTest" tests="2" skipped="0" failures="0" errors="0" timestamp="2015-08-13T21:49:50" hostname="epicodus-110.local" time="0.322">
  <properties/>
  <testcase name="enterCoins" classname="CoinCombinationsIntegrationTest" time="0.308"/>
  <testcase name="rootTest" classname="CoinCombinationsIntegrationTest" time="0.009"/>
  <system-out><![CDATA[5
]]></system-out>
  <system-err><![CDATA[[Thread-4] INFO spark.webserver.SparkServer - == Spark has ignited ...
[Thread-4] INFO spark.webserver.SparkServer - >> Listening on 0.0.0.0:4567
[Thread-4] INFO org.eclipse.jetty.server.Server - jetty-9.0.2.v20130417
[Thread-4] INFO org.eclipse.jetty.server.ServerConnector - Started ServerConnector@5ae213a2{HTTP/1.1}{0.0.0.0:4567}
Aug 13, 2015 2:49:50 PM com.gargoylesoftware.htmlunit.html.InputElementFactory createElementNS
INFO: Bad input type: "number", creating a text input
Aug 13, 2015 2:49:50 PM com.gargoylesoftware.htmlunit.html.InputElementFactory createElementNS
INFO: Bad input type: "number", creating a text input
[Test worker] INFO spark.webserver.SparkServer - >>> Spark shutting down ...
[Test worker] INFO org.eclipse.jetty.server.Server - Graceful shutdown org.eclipse.jetty.server.Server@629da141 by 
[Test worker] INFO org.eclipse.jetty.server.ServerConnector - Stopped ServerConnector@5ae213a2{HTTP/1.1}{0.0.0.0:4567}
[Test worker] INFO spark.webserver.SparkServer - done
]]></system-err>
</testsuite>
