<?xml version="1.0" encoding="UTF-8"?>
<testsuite name="CoinCombinationsUnitTest" tests="6" skipped="0" failures="0" errors="0" timestamp="2015-08-13T21:49:50" hostname="epicodus-110.local" time="0.003">
  <properties/>
  <testcase name="coinCombo_forOnePenny" classname="CoinCombinationsUnitTest" time="0.001"/>
  <testcase name="coinCombo_forNickelandPenny" classname="CoinCombinationsUnitTest" time="0.0"/>
  <testcase name="coinCombo_forOneDime" classname="CoinCombinationsUnitTest" time="0.0"/>
  <testcase name="coinCombo_forDimeNickelPenny" classname="CoinCombinationsUnitTest" time="0.0"/>
  <testcase name="coinCombo_forOneNickel" classname="CoinCombinationsUnitTest" time="0.0"/>
  <testcase name="coinCombo_forOneOfEach" classname="CoinCombinationsUnitTest" time="0.001"/>
  <system-out><![CDATA[0
6
6
]]></system-out>
  <system-err><![CDATA[]]></system-err>
</testsuite>
